
            <h1 class="postTitle">
                <a id="cb_post_title_url" class="postTitle2 vertical-middle" href="https://www.cnblogs.com/dechinphy/p/18729485/bin-safetensors" title="发布于 2025-02-24 15:40">
    <span role="heading" aria-level="2">bin格式转safetensors</span>
    

</a>

            </h1>
            <div class="clear"></div>
            <div class="postBody">
                    <div id="cnblogs_post_description" style="display: none">
        <img src="https://img2024.cnblogs.com/blog/2277440/202502/2277440-20250224153653140-1582530615.png" alt="bin格式转safetensors" class="desc_img">
        本文介绍了一种将Hugging Face上bin格式的大模型文件，在线转换为safetensors文件格式，然后下载到本地的方法。
    </div>
<div id="cnblogs_post_body" class="blogpost-body cnblogs-markdown">
<h1 id="技术背景">技术背景</h1>
<p>本文主要介绍在Hugging Face上把bin格式的模型文件转为safetensors格式的模型文件，并下载到本地的方法。</p>
<h1 id="bin转safetensors">bin转safetensors</h1>
<p>首先安装safetensors：</p>
<pre><code class="language-bash">$ python3 -m pip install safetensors --upgrade
</code></pre>
<p>然后把Github的safetensors仓库克隆下来：</p>
<pre><code class="language-bash">$ git clone https://github.com/huggingface/safetensors.git
正克隆到 'safetensors'...
remote: Enumerating objects: 4812, done.
remote: Counting objects: 100% (1486/1486), done.
remote: Compressing objects: 100% (406/406), done.
remote: Total 4812 (delta 1340), reused 1082 (delta 1079), pack-reused 3326 (from 2)
接收对象中: 100% (4812/4812), 1.15 MiB | 1.22 MiB/s, 完成.
处理 delta 中: 100% (2457/2457), 完成.
</code></pre>
<p>进入子目录：</p>
<pre><code class="language-bash">$ cd safetensors/bindings/python/
$ ll
总用量 84
drwxrwxr-x 6 dechin dechin  4096 2月  21 16:37 ./
drwxrwxr-x 3 dechin dechin  4096 2月  21 16:37 ../
drwxrwxr-x 2 dechin dechin  4096 2月  21 16:37 benches/
-rw-rw-r-- 1 dechin dechin   476 2月  21 16:37 Cargo.toml
-rw-rw-r-- 1 dechin dechin  1454 2月  21 16:37 convert_all.py
-rw-rw-r-- 1 dechin dechin 14769 2月  21 16:37 convert.py
-rw-rw-r-- 1 dechin dechin   729 2月  21 16:37 fuzz.py
-rw-rw-r-- 1 dechin dechin   685 2月  21 16:37 .gitignore
-rw-rw-r-- 1 dechin dechin  1103 2月  21 16:37 Makefile
-rw-rw-r-- 1 dechin dechin   190 2月  21 16:37 MANIFEST.in
-rw-rw-r-- 1 dechin dechin  2419 2月  21 16:37 pyproject.toml
drwxrwxr-x 3 dechin dechin  4096 2月  21 16:37 py_src/
-rw-rw-r-- 1 dechin dechin   852 2月  21 16:37 README.md
-rw-rw-r-- 1 dechin dechin   891 2月  21 16:37 setup.cfg
drwxrwxr-x 2 dechin dechin  4096 2月  21 16:37 src/
-rw-rw-r-- 1 dechin dechin  5612 2月  21 16:37 stub.py
drwxrwxr-x 3 dechin dechin  4096 2月  21 16:37 tests/
</code></pre>
<p>其中有一个<code>convert.py</code>的格式转换脚本。查看用法：</p>
<pre><code class="language-bash">$ python3 convert.py --help
usage: convert.py [-h] [--revision REVISION] [--force] [-y] model_id

Simple utility tool to convert automatically some weights on the hub to `safetensors` format. It is PyTorch
exclusive for now. It works by downloading the weights (PT), converting them locally, and uploading them back as a
PR on the hub.

positional arguments:
  model_id             The name of the model on the hub to convert. E.g. `gpt2` or `facebook/wav2vec2-base-960h`

options:
  -h, --help           show this help message and exit
  --revision REVISION  The revision to convert
  --force              Create the PR even if it already exists of if the model was already converted.
  -y                   Ignore safety prompt
</code></pre>
<p>这个脚本可以将指定路径的模型文件转为safetensors模型，但是如果直接运行会报错：</p>
<pre><code class="language-bash">$ python3 convert.py --force -y Salesforce/blip-image-captioning-base
config.json: 100%|█████████████████████████████████████████████████████████████| 4.56k/4.56k [00:00&lt;00:00, 15.3MB/s]
pytorch_model.bin: 100%|█████████████████████████████████████████████████████████| 990M/990M [02:06&lt;00:00, 7.82MB/s]
Traceback (most recent call last):
  File "/home/dechin/anaconda3/envs/llama/lib/python3.10/site-packages/huggingface_hub/utils/_http.py", line 406, in hf_raise_for_status
    response.raise_for_status()
  File "/home/dechin/anaconda3/envs/llama/lib/python3.10/site-packages/requests/models.py", line 1024, in raise_for_status
    raise HTTPError(http_error_msg, response=self)
requests.exceptions.HTTPError: 401 Client Error: Unauthorized for url: https://huggingface.co/api/models/Salesforce/blip-image-captioning-base/preupload/main?create_pr=1

The above exception was the direct cause of the following exception:

Traceback (most recent call last):
  File "/datb/DeepSeek/safetensors/bindings/python/convert.py", line 369, in &lt;module&gt;
    commit_info, errors = convert(api, model_id, revision=args.revision, force=args.force)
  File "/datb/DeepSeek/safetensors/bindings/python/convert.py", line 313, in convert
    new_pr = api.create_commit(
  File "/home/dechin/anaconda3/envs/llama/lib/python3.10/site-packages/huggingface_hub/utils/_validators.py", line 114, in _inner_fn
    return fn(*args, **kwargs)
  File "/home/dechin/anaconda3/envs/llama/lib/python3.10/site-packages/huggingface_hub/hf_api.py", line 1524, in _inner
    return fn(self, *args, **kwargs)
  File "/home/dechin/anaconda3/envs/llama/lib/python3.10/site-packages/huggingface_hub/hf_api.py", line 3961, in create_commit
    self.preupload_lfs_files(
  File "/home/dechin/anaconda3/envs/llama/lib/python3.10/site-packages/huggingface_hub/hf_api.py", line 4184, in preupload_lfs_files
    _fetch_upload_modes(
  File "/home/dechin/anaconda3/envs/llama/lib/python3.10/site-packages/huggingface_hub/utils/_validators.py", line 114, in _inner_fn
    return fn(*args, **kwargs)
  File "/home/dechin/anaconda3/envs/llama/lib/python3.10/site-packages/huggingface_hub/_commit_api.py", line 542, in _fetch_upload_modes
    hf_raise_for_status(resp)
  File "/home/dechin/anaconda3/envs/llama/lib/python3.10/site-packages/huggingface_hub/utils/_http.py", line 454, in hf_raise_for_status
    raise _format(RepositoryNotFoundError, message, response) from e
huggingface_hub.errors.RepositoryNotFoundError: 401 Client Error. (Request ID: Root=1-67b83d70-5af65b805cde0ba55c72abd1;ce2be295-8da7-4230-a8db-f505919ddb85)

Repository Not Found for url: https://huggingface.co/api/models/Salesforce/blip-image-captioning-base/preupload/main?create_pr=1.
Please make sure you specified the correct `repo_id` and `repo_type`.
If you are trying to access a private or gated repo, make sure you are authenticated.
Invalid username or password.
Note: Creating a commit assumes that the repo already exists on the Huggingface Hub. Please use `create_repo` if it's not the case.
</code></pre>
<p>这需要我们先注册一个Hugging Face的账号，然后免费获取一个token：</p>
<div align="center">
	<img src="https://img2024.cnblogs.com/blog/2277440/202502/2277440-20250224155039951-1371143747.png">
</div>
<p>把token加到convert.py的前两行：</p>
<pre><code class="language-bash">$ head -n 2 convert.py 
from huggingface_hub import login
login("your_token")
</code></pre>
<p>再次执行该转换脚本：</p>
<pre><code class="language-bash">$ python3 convert.py --force -y Salesforce/blip-image-captioning-base
config.json: 100%|█████████████████████████████████████████████████████████████| 4.56k/4.56k [00:00&lt;00:00, 16.2MB/s]
pytorch_model.bin: 100%|█████████████████████████████████████████████████████████| 990M/990M [02:04&lt;00:00, 7.94MB/s]
Pr created at https://huggingface.co/Salesforce/blip-image-captioning-base/discussions/42

### Success 🔥
Yay! This model was successfully converted and a PR was open using your token, here:
[https://huggingface.co/Salesforce/blip-image-captioning-base/discussions/42](https://huggingface.co/Salesforce/blip-image-captioning-base/discussions/42)
</code></pre>
<p>成功构建safetensor文件。并提交了一个Pull Request，那么就算这个PR没有合并，我们也可以从自己的PR下载相关模型文件。</p>
<h1 id="从hf下载仓库">从HF下载仓库</h1>
<p>我们可以使用<code>git-lfs</code>从Hugging Face的PR里面下载模型文件。首先我们从主分支下载所有的小型文件（非LFS文件）：</p>
<pre><code class="language-bash">$ GIT_LFS_SKIP_SMUDGE=1 git clone https://huggingface.co/Salesforce/blip-image-captioning-base
正克隆到 'blip-image-captioning-base'...
remote: Enumerating objects: 76, done.
remote: Counting objects: 100% (76/76), done.
remote: Compressing objects: 100% (38/38), done.
remote: Total 76 (delta 39), reused 72 (delta 37), pack-reused 0 (from 0)
展开对象中: 100% (76/76), 323.20 KiB | 1.05 MiB/s, 完成.
</code></pre>
<p>下载完轻量级文件，进入到下载的路径下：</p>
<pre><code class="language-bash">$ cd blip-image-captioning-base/
$ ll
总用量 976
drwxrwxr-x 3 dechin dechin   4096 2月  21 17:22 ./
drwxrwxr-x 3 dechin dechin   4096 2月  21 17:22 ../
-rw-rw-r-- 1 dechin dechin   4563 2月  21 17:22 config.json
drwxrwxr-x 9 dechin dechin   4096 2月  21 17:22 .git/
-rw-rw-r-- 1 dechin dechin   1477 2月  21 17:22 .gitattributes
-rw-rw-r-- 1 dechin dechin    287 2月  21 17:22 preprocessor_config.json
-rw-rw-r-- 1 dechin dechin    134 2月  21 17:22 pytorch_model.bin
-rw-rw-r-- 1 dechin dechin   6359 2月  21 17:22 README.md
-rw-rw-r-- 1 dechin dechin    125 2月  21 17:22 special_tokens_map.json
-rw-rw-r-- 1 dechin dechin    134 2月  21 17:22 tf_model.h5
-rw-rw-r-- 1 dechin dechin    506 2月  21 17:22 tokenizer_config.json
-rw-rw-r-- 1 dechin dechin 711396 2月  21 17:22 tokenizer.json
-rw-rw-r-- 1 dechin dechin 231508 2月  21 17:22 vocab.txt
</code></pre>
<p>可以看到此时的大模型文件是没有被下载下来的，然后在这个路径下pull我们自己的PR分支的内容：</p>
<pre><code class="language-bash">$ git pull origin refs/pr/42
remote: Enumerating objects: 4, done.
remote: Counting objects: 100% (4/4), done.
remote: Compressing objects: 100% (3/3), done.
remote: Total 3 (delta 1), reused 0 (delta 0), pack-reused 0 (from 0)
展开对象中: 100% (3/3), 1.42 KiB | 1.42 MiB/s, 完成.
来自 https://huggingface.co/Salesforce/blip-image-captioning-base
 * branch            refs/pr/42 -&gt; FETCH_HEAD
更新 82a3776..0f2f8a0
Fast-forward
 model.safetensors | 3 +++
 1 file changed, 3 insertions(+)
 create mode 100644 model.safetensors
</code></pre>
<p>origin后面跟着的是我们的PR的名称，在Hugging Face相关分支主页可以查看:</p>
<div align="center">
	<img src="https://img2024.cnblogs.com/blog/2277440/202502/2277440-20250224155203694-1809495704.png">
</div>
<p>再次查看本地路径：</p>
<pre><code class="language-bash">$ ll
总用量 967508
drwxrwxr-x 3 dechin dechin      4096 2月  21 17:24 ./
drwxrwxr-x 3 dechin dechin      4096 2月  21 17:22 ../
-rw-rw-r-- 1 dechin dechin      4563 2月  21 17:22 config.json
drwxrwxr-x 9 dechin dechin      4096 2月  21 17:24 .git/
-rw-rw-r-- 1 dechin dechin      1477 2月  21 17:22 .gitattributes
-rw-rw-r-- 1 dechin dechin 989721336 2月  21 17:24 model.safetensors
-rw-rw-r-- 1 dechin dechin       287 2月  21 17:22 preprocessor_config.json
-rw-rw-r-- 1 dechin dechin       134 2月  21 17:22 pytorch_model.bin
-rw-rw-r-- 1 dechin dechin      6359 2月  21 17:22 README.md
-rw-rw-r-- 1 dechin dechin       125 2月  21 17:22 special_tokens_map.json
-rw-rw-r-- 1 dechin dechin       134 2月  21 17:22 tf_model.h5
-rw-rw-r-- 1 dechin dechin       506 2月  21 17:22 tokenizer_config.json
-rw-rw-r-- 1 dechin dechin    711396 2月  21 17:22 tokenizer.json
-rw-rw-r-- 1 dechin dechin    231508 2月  21 17:22 vocab.txt
</code></pre>
<p>可以看到safetensors模型文件下载成功，这样我们就完成了线上模型格式转换，再下载到本地的过程。</p>
<h1 id="总结概要">总结概要</h1>
<p>本文介绍了一种将Hugging Face上bin格式的大模型文件，在线转换为safetensors文件格式，然后下载到本地的方法。</p>
<h1 id="版权声明">版权声明</h1>
<p>本文首发链接为：<a href="https://www.cnblogs.com/dechinphy/p/bin-safetensors.html" target="_blank">https://www.cnblogs.com/dechinphy/p/bin-safetensors.html</a></p>
<p>作者ID：DechinPhy</p>
<p>更多原著文章：<a href="https://www.cnblogs.com/dechinphy/" target="_blank">https://www.cnblogs.com/dechinphy/</a></p>
<p>请博主喝咖啡：<a href="https://www.cnblogs.com/dechinphy/gallery/image/379634.html" target="_blank">https://www.cnblogs.com/dechinphy/gallery/image/379634.html</a></p>

</div>
<div class="clear"></div>

            </div>
            <div class="postDesc">posted @ 
<span id="post-date" data-last-update-days="0.020157807824074073" data-date-created="BlogServer.Application.Dto.BlogPost.BlogPostDto" data-date-updated="2025-02-24 15:52">2025-02-24 15:40</span>&nbsp;
<a href="https://www.cnblogs.com/dechinphy">DECHIN</a>&nbsp;
阅读(<span id="post_view_count">6</span>)&nbsp;
评论(<span id="post_comment_count">0</span>)&nbsp;
<a href="https://i.cnblogs.com/EditPosts.aspx?postid=18729485" rel="nofollow">编辑</a>&nbsp;
<a href="javascript:void(0)" onclick="AddToWz(18729485);return false;">收藏</a>&nbsp;
<a href="javascript:void(0)" onclick="reportManager.report({ currentUserId: '', targetType: 'blogPost', targetId: '18729485', targetLink: 'https://www.cnblogs.com/dechinphy/p/18729485/bin-safetensors', title: 'bin格式转safetensors' })">举报</a>
</div>
        